<?xml version="1.0" encoding="UTF-8"?>
<!-- Generated by org.testng.reporters.JUnitReportReporter -->
<testsuite hostname="Raghavendras-MacBook-Pro.local" failures="0" tests="1" name="TestNG.newannotations" time="0.005" errors="0" timestamp="2023-04-09T10:50:19 IST" skipped="0">
  <testcase classname="TestNG.newannotations" name="f" time="0.005"/>
  <system-out/>
</testsuite> <!-- TestNG.newannotations -->
