<?xml version="1.0" encoding="UTF-8"?>
<!-- Generated by org.testng.reporters.JUnitReportReporter -->
<testsuite hostname="Raghavendras-MacBook-Pro.local" failures="0" tests="2" name="TestNG.Gmail" time="35.795" errors="0" timestamp="2023-04-09T10:50:19 IST" skipped="0">
  <testcase classname="TestNG.Gmail" name="gmailbrower" time="16.920"/>
  <system-out/>
  <testcase classname="TestNG.Gmail" name="gmailbrower" time="18.875"/>
  <system-out/>
</testsuite> <!-- TestNG.Gmail -->
