<?xml version="1.0" encoding="UTF-8"?>
<!-- Generated by org.testng.reporters.JUnitReportReporter -->
<testsuite hostname="Raghavendras-MacBook-Pro.local" failures="0" tests="2" name="TestNG.Git" time="0.006" errors="0" timestamp="2023-04-09T12:21:19 IST" skipped="0">
  <testcase classname="TestNG.Git" name="f" time="0.001"/>
  <system-out/>
  <testcase classname="TestNG.Git" name="f" time="0.005"/>
  <system-out/>
</testsuite> <!-- TestNG.Git -->
