<?xml version="1.0" encoding="UTF-8"?>
<!-- Generated by org.testng.reporters.JUnitReportReporter -->
<testsuite hostname="Raghavendras-MacBook-Pro.local" failures="0" tests="3" name="TestNG.Test1" time="33.223" errors="0" timestamp="2023-04-09T10:50:19 IST" skipped="0">
  <testcase classname="TestNG.Test1" name="admin" time="19.145"/>
  <system-out/>
  <testcase classname="TestNG.Test1" name="PIM" time="7.077"/>
  <system-out/>
  <testcase classname="TestNG.Test1" name="Time" time="7.001"/>
  <system-out/>
</testsuite> <!-- TestNG.Test1 -->
