<?xml version="1.0" encoding="UTF-8"?>
<!-- Generated by org.testng.reporters.JUnitReportReporter -->
<testsuite hostname="Raghavendras-MacBook-Pro.local" failures="0" tests="1" name="TestNG.NewTest" time="16.498" errors="0" timestamp="2023-02-23T02:24:24 IST" skipped="0">
  <testcase classname="TestNG.NewTest" name="f" time="16.498"/>
  <system-out/>
</testsuite> <!-- TestNG.NewTest -->
